# JRE version: Java(TM) SE Runtime Environment (8.0_91-b14) (build 1.8.0_91-b14)
# Java VM: Java HotSpot(TM) 64-Bit Server VM (25.91-b14 mixed mode windows-amd64 compressed oops)
Heap:
 PSYoungGen      total 86016K, used 10706K [0x00000000eab00000, 0x00000000f0c80000, 0x0000000100000000)
  eden space 78336K, 3% used [0x00000000eab00000,0x00000000eae06ba8,0x00000000ef780000)
  from space 7680K, 99% used [0x00000000f0500000,0x00000000f0c6df10,0x00000000f0c80000)
  to   space 9216K, 0% used [0x00000000efa80000,0x00000000efa80000,0x00000000f0380000)
 ParOldGen       total 63488K, used 14612K [0x00000000c0000000, 0x00000000c3e00000, 0x00000000eab00000)
  object space 63488K, 23% used [0x00000000c0000000,0x00000000c0e45280,0x00000000c3e00000)
 Metaspace       used 38885K, capacity 39660K, committed 39936K, reserved 1083392K
  class space    used 5390K, capacity 5581K, committed 5632K, reserved 1048576K
GC Heap History (10 events):
Event: 11.932 GC heap before
{Heap before GC invocations=12 (full 1):
 PSYoungGen      total 52224K, used 46759K [0x00000000eab00000, 0x00000000ee800000, 0x0000000100000000)
  eden space 44544K, 100% used [0x00000000eab00000,0x00000000ed680000,0x00000000ed680000)
  from space 7680K, 28% used [0x00000000ede80000,0x00000000ee0a9c58,0x00000000ee600000)
  to   space 8192K, 0% used [0x00000000ed680000,0x00000000ed680000,0x00000000ede80000)
 ParOldGen       total 44544K, used 12306K [0x00000000c0000000, 0x00000000c2b80000, 0x00000000eab00000)
  object space 44544K, 27% used [0x00000000c0000000,0x00000000c0c04ac8,0x00000000c2b80000)
 Metaspace       used 28398K, capacity 28926K, committed 29312K, reserved 1075200K
  class space    used 3946K, capacity 4127K, committed 4224K, reserved 1048576K
Event: 11.944 GC heap after
Heap after GC invocations=12 (full 1):
 PSYoungGen      total 52736K, used 1216K [0x00000000eab00000, 0x00000000ef800000, 0x0000000100000000)
  eden space 44544K, 0% used [0x00000000eab00000,0x00000000eab00000,0x00000000ed680000)
  from space 8192K, 14% used [0x00000000ed680000,0x00000000ed7b0000,0x00000000ede80000)
  to   space 8192K, 0% used [0x00000000ef000000,0x00000000ef000000,0x00000000ef800000)
 ParOldGen       total 44544K, used 13362K [0x00000000c0000000, 0x00000000c2b80000, 0x00000000eab00000)
  object space 44544K, 29% used [0x00000000c0000000,0x00000000c0d0caf0,0x00000000c2b80000)
 Metaspace       used 28398K, capacity 28926K, committed 29312K, reserved 1075200K
  class space    used 3946K, capacity 4127K, committed 4224K, reserved 1048576K
}
Event: 13.655 GC heap before
{Heap before GC invocations=13 (full 1):
 PSYoungGen      total 52736K, used 45760K [0x00000000eab00000, 0x00000000ef800000, 0x0000000100000000)
  eden space 44544K, 100% used [0x00000000eab00000,0x00000000ed680000,0x00000000ed680000)
  from space 8192K, 14% used [0x00000000ed680000,0x00000000ed7b0000,0x00000000ede80000)
  to   space 8192K, 0% used [0x00000000ef000000,0x00000000ef000000,0x00000000ef800000)
 ParOldGen       total 44544K, used 13362K [0x00000000c0000000, 0x00000000c2b80000, 0x00000000eab00000)
  object space 44544K, 29% used [0x00000000c0000000,0x00000000c0d0caf0,0x00000000c2b80000)
 Metaspace       used 32880K, capacity 33510K, committed 33920K, reserved 1079296K
  class space    used 4532K, capacity 4680K, committed 4736K, reserved 1048576K
Event: 13.663 GC heap after
Heap after GC invocations=13 (full 1):
 PSYoungGen      total 68608K, used 5341K [0x00000000eab00000, 0x00000000ef700000, 0x0000000100000000)
  eden space 61440K, 0% used [0x00000000eab00000,0x00000000eab00000,0x00000000ee700000)
  from space 7168K, 74% used [0x00000000ef000000,0x00000000ef537638,0x00000000ef700000)
  to   space 8192K, 0% used [0x00000000ee700000,0x00000000ee700000,0x00000000eef00000)
 ParOldGen       total 44544K, used 13834K [0x00000000c0000000, 0x00000000c2b80000, 0x00000000eab00000)
  object space 44544K, 31% used [0x00000000c0000000,0x00000000c0d82af0,0x00000000c2b80000)
 Metaspace       used 32880K, capacity 33510K, committed 33920K, reserved 1079296K
  class space    used 4532K, capacity 4680K, committed 4736K, reserved 1048576K
}
Event: 14.408 GC heap before
{Heap before GC invocations=14 (full 1):
 PSYoungGen      total 68608K, used 44030K [0x00000000eab00000, 0x00000000ef700000, 0x0000000100000000)
  eden space 61440K, 62% used [0x00000000eab00000,0x00000000ed0c81f8,0x00000000ee700000)
  from space 7168K, 74% used [0x00000000ef000000,0x00000000ef537638,0x00000000ef700000)
  to   space 8192K, 0% used [0x00000000ee700000,0x00000000ee700000,0x00000000eef00000)
 ParOldGen       total 44544K, used 13834K [0x00000000c0000000, 0x00000000c2b80000, 0x00000000eab00000)
  object space 44544K, 31% used [0x00000000c0000000,0x00000000c0d82af0,0x00000000c2b80000)
 Metaspace       used 34559K, capacity 35120K, committed 35456K, reserved 1079296K
  class space    used 4742K, capacity 4911K, committed 4992K, reserved 1048576K
Event: 14.416 GC heap after
Heap after GC invocations=14 (full 1):
 PSYoungGen      total 69632K, used 2949K [0x00000000eab00000, 0x00000000f0d00000, 0x0000000100000000)
  eden space 61440K, 0% used [0x00000000eab00000,0x00000000eab00000,0x00000000ee700000)
  from space 8192K, 36% used [0x00000000ee700000,0x00000000ee9e1698,0x00000000eef00000)
  to   space 8192K, 0% used [0x00000000f0500000,0x00000000f0500000,0x00000000f0d00000)
 ParOldGen       total 44544K, used 15501K [0x00000000c0000000, 0x00000000c2b80000, 0x00000000eab00000)
  object space 44544K, 34% used [0x00000000c0000000,0x00000000c0f23680,0x00000000c2b80000)
 Metaspace       used 34559K, capacity 35120K, committed 35456K, reserved 1079296K
  class space    used 4742K, capacity 4911K, committed 4992K, reserved 1048576K
}
Event: 14.416 GC heap before
{Heap before GC invocations=15 (full 2):
 PSYoungGen      total 69632K, used 2949K [0x00000000eab00000, 0x00000000f0d00000, 0x0000000100000000)
  eden space 61440K, 0% used [0x00000000eab00000,0x00000000eab00000,0x00000000ee700000)
  from space 8192K, 36% used [0x00000000ee700000,0x00000000ee9e1698,0x00000000eef00000)
  to   space 8192K, 0% used [0x00000000f0500000,0x00000000f0500000,0x00000000f0d00000)
 ParOldGen       total 44544K, used 15501K [0x00000000c0000000, 0x00000000c2b80000, 0x00000000eab00000)
  object space 44544K, 34% used [0x00000000c0000000,0x00000000c0f23680,0x00000000c2b80000)
 Metaspace       used 34559K, capacity 35120K, committed 35456K, reserved 1079296K
  class space    used 4742K, capacity 4911K, committed 4992K, reserved 1048576K
Event: 14.525 GC heap after
Heap after GC invocations=15 (full 2):
 PSYoungGen      total 69632K, used 0K [0x00000000eab00000, 0x00000000f0d00000, 0x0000000100000000)
  eden space 61440K, 0% used [0x00000000eab00000,0x00000000eab00000,0x00000000ee700000)
  from space 8192K, 0% used [0x00000000ee700000,0x00000000ee700000,0x00000000eef00000)
  to   space 8192K, 0% used [0x00000000f0500000,0x00000000f0500000,0x00000000f0d00000)
 ParOldGen       total 63488K, used 14604K [0x00000000c0000000, 0x00000000c3e00000, 0x00000000eab00000)
  object space 63488K, 23% used [0x00000000c0000000,0x00000000c0e43280,0x00000000c3e00000)
 Metaspace       used 34559K, capacity 35120K, committed 35456K, reserved 1079296K
  class space    used 4742K, capacity 4911K, committed 4992K, reserved 1048576K
}
Event: 16.136 GC heap before
{Heap before GC invocations=16 (full 2):
 PSYoungGen      total 69632K, used 61440K [0x00000000eab00000, 0x00000000f0d00000, 0x0000000100000000)
  eden space 61440K, 100% used [0x00000000eab00000,0x00000000ee700000,0x00000000ee700000)
  from space 8192K, 0% used [0x00000000ee700000,0x00000000ee700000,0x00000000eef00000)
  to   space 8192K, 0% used [0x00000000f0500000,0x00000000f0500000,0x00000000f0d00000)
 ParOldGen       total 63488K, used 14604K [0x00000000c0000000, 0x00000000c3e00000, 0x00000000eab00000)
  object space 63488K, 23% used [0x00000000c0000000,0x00000000c0e43280,0x00000000c3e00000)
 Metaspace       used 38483K, capacity 39284K, committed 39680K, reserved 1083392K
  class space    used 5332K, capacity 5545K, committed 5632K, reserved 1048576K
Event: 16.148 GC heap after
Heap after GC invocations=16 (full 2):
 PSYoungGen      total 86016K, used 7607K [0x00000000eab00000, 0x00000000f0c80000, 0x0000000100000000)
  eden space 78336K, 0% used [0x00000000eab00000,0x00000000eab00000,0x00000000ef780000)
  from space 7680K, 99% used [0x00000000f0500000,0x00000000f0c6df10,0x00000000f0c80000)
  to   space 9216K, 0% used [0x00000000efa80000,0x00000000efa80000,0x00000000f0380000)
 ParOldGen       total 63488K, used 14612K [0x00000000c0000000, 0x00000000c3e00000, 0x00000000eab00000)
  object space 63488K, 23% used [0x00000000c0000000,0x00000000c0e45280,0x00000000c3e00000)
 Metaspace       used 38483K, capacity 39284K, committed 39680K, reserved 1083392K
  class space    used 5332K, capacity 5545K, committed 5632K, reserved 1048576K
}

